<?xml version="1.0" encoding="UTF-8"?>
<!-- Generated by org.testng.reporters.JUnitReportReporter -->
<testsuite hostname="LAPTOP-KJ92U2DL" failures="0" tests="1" name="testCase.TC0010_EndT0EndTest" time="83.531" errors="0" timestamp="2024-11-13T22:34:03 IST" skipped="0">
  <testcase classname="testCase.TC0010_EndT0EndTest" name="verify_EndToEnd" time="83.531"/>
</testsuite> <!-- testCase.TC0010_EndT0EndTest -->
