<?xml version="1.0" encoding="UTF-8"?>
<!-- Generated by org.testng.reporters.JUnitReportReporter -->
<testsuite hostname="LAPTOP-KJ92U2DL" failures="0" tests="1" name="testCase.TC001_CreateAccount" time="29.097" errors="0" timestamp="2024-10-26T00:09:43 IST" skipped="0">
  <testcase classname="testCase.TC001_CreateAccount" name="account_registration" time="29.097"/>
</testsuite> <!-- testCase.TC001_CreateAccount -->
