<?xml version="1.0" encoding="UTF-8"?>
<!-- Generated by org.testng.reporters.JUnitReportReporter -->
<testsuite hostname="LAPTOP-KJ92U2DL" failures="0" tests="1" name="testCase.TC003_SearchProduct" time="2.599" errors="0" timestamp="2024-11-13T21:41:48 IST" skipped="0">
  <testcase classname="testCase.TC003_SearchProduct" name="verify_ProductSearch" time="2.599"/>
</testsuite> <!-- testCase.TC003_SearchProduct -->
