<?xml version="1.0" encoding="UTF-8"?>
<!-- Generated by org.testng.reporters.JUnitReportReporter -->
<testsuite hostname="LAPTOP-KJ92U2DL" failures="0" tests="1" name="testCase.TC002_SignInTest" time="4.150" errors="0" timestamp="2024-11-13T21:41:48 IST" skipped="0">
  <testcase classname="testCase.TC002_SignInTest" name="Verify_SignIn" time="4.150"/>
</testsuite> <!-- testCase.TC002_SignInTest -->
