<?xml version="1.0" encoding="UTF-8"?>
<!-- Generated by org.testng.reporters.JUnitReportReporter -->
<testsuite hostname="LAPTOP-KJ92U2DL" failures="0" tests="1" name="testCase.TC006_CheckOutTest" time="51.034" errors="0" timestamp="2024-11-13T21:41:48 IST" skipped="0">
  <testcase classname="testCase.TC006_CheckOutTest" name="Verify_CheckOut" time="51.034"/>
</testsuite> <!-- testCase.TC006_CheckOutTest -->
