<?xml version="1.0" encoding="UTF-8"?>
<!-- Generated by org.testng.reporters.JUnitReportReporter -->
<testsuite hostname="LAPTOP-KJ92U2DL" failures="0" tests="1" name="testCase.TC007_PaymentTest" time="70.240" errors="0" timestamp="2024-11-13T22:27:29 IST" skipped="0">
  <testcase classname="testCase.TC007_PaymentTest" name="Verify_Payment" time="70.240"/>
</testsuite> <!-- testCase.TC007_PaymentTest -->
