<?xml version="1.0" encoding="UTF-8"?>
<!-- Generated by org.testng.reporters.JUnitReportReporter -->
<testsuite hostname="LAPTOP-KJ92U2DL" failures="0" tests="1" name="testCase.TC002_SignInTest" time="5.094" errors="0" timestamp="2024-11-13T22:27:29 IST" skipped="0">
  <testcase classname="testCase.TC002_SignInTest" name="Verify_SignIn" time="5.094"/>
</testsuite> <!-- testCase.TC002_SignInTest -->
