<?xml version="1.0" encoding="UTF-8"?>
<!-- Generated by org.testng.reporters.JUnitReportReporter -->
<testsuite hostname="LAPTOP-KJ92U2DL" failures="0" tests="1" name="testCase.TC005_ShoppingCartTest" time="28.888" errors="0" timestamp="2024-11-13T22:27:29 IST" skipped="0">
  <testcase classname="testCase.TC005_ShoppingCartTest" name="shoppingCart" time="28.888"/>
</testsuite> <!-- testCase.TC005_ShoppingCartTest -->
